<?xml version="1.0" encoding="UTF-8"?>
<!-- Generated by org.testng.reporters.JUnitXMLReporter -->
<testsuite ignored="0" hostname="MO-DESKTOP-" failures="0" tests="3" name="Default test" time="9.014" errors="0" timestamp="2022-03-05T23:48:30 EET">
  <testcase classname="rest_test.rest_test_ex" name="getposts" time="5.816"/>
  <testcase classname="rest_test.rest_test_ex" name="getrequesttest" time="1.351"/>
  <testcase classname="rest_test.rest_test_ex" name="postrequesttest" time="1.777"/>
</testsuite> <!-- Default test -->
