<?xml version="1.0" encoding="UTF-8"?>
<!-- Generated by org.testng.reporters.JUnitXMLReporter -->
<testsuite ignored="0" hostname="MO-DESKTOP-" failures="0" tests="3" name="Default test" time="6.246" errors="0" timestamp="2022-02-22T09:56:40 EET">
  <testcase classname="rest_test.rest_test_ex" name="getposts" time="3.885"/>
  <testcase classname="rest_test.rest_test_ex" name="getrequesttest" time="1.357"/>
  <testcase classname="rest_test.rest_test_ex" name="postrequesttest" time="0.921"/>
</testsuite> <!-- Default test -->
